# JRE version: Java(TM) SE Runtime Environment (8.0_77-b03) (build 1.8.0_77-b03)
# Java VM: Java HotSpot(TM) Client VM (25.77-b03 mixed mode windows-x86 )
Heap:
 def new generation   total 118336K, used 105216K [0x04000000, 0x0c060000, 0x19550000)
  eden space 105216K, 100% used [0x04000000, 0x0a6c0000, 0x0a6c0000)
  from space 13120K,   0% used [0x0b390000, 0x0b390000, 0x0c060000)
  to   space 13120K, 100% used [0x0a6c0000, 0x0b390000, 0x0b390000)
 tenured generation   total 552716K, used 552716K [0x19550000, 0x3b113000, 0x44000000)
   the space 552716K, 100% used [0x19550000, 0x3b113000, 0x3b113000, 0x3b113000)
 Metaspace       used 3496K, capacity 3526K, committed 3648K, reserved 4480K
GC Heap History (10 events):
Event: 30.748 GC heap after
Heap after GC invocations=97 (full 7):
 def new generation   total 118336K, used 13120K [0x04000000, 0x0c060000, 0x19550000)
  eden space 105216K,   0% used [0x04000000, 0x04000000, 0x0a6c0000)
  from space 13120K, 100% used [0x0b390000, 0x0c060000, 0x0c060000)
  to   space 13120K,   0% used [0x0a6c0000, 0x0a6c0000, 0x0b390000)
 tenured generation   total 474148K, used 406499K [0x19550000, 0x36459000, 0x44000000)
   the space 474148K,  85% used [0x19550000, 0x32248d80, 0x32248e00, 0x36459000)
 Metaspace       used 3496K, capacity 3526K, committed 3648K, reserved 4480K
}
Event: 31.183 GC heap before
{Heap before GC invocations=97 (full 7):
 def new generation   total 118336K, used 118336K [0x04000000, 0x0c060000, 0x19550000)
  eden space 105216K, 100% used [0x04000000, 0x0a6c0000, 0x0a6c0000)
  from space 13120K, 100% used [0x0b390000, 0x0c060000, 0x0c060000)
  to   space 13120K,   0% used [0x0a6c0000, 0x0a6c0000, 0x0b390000)
 tenured generation   total 474148K, used 406499K [0x19550000, 0x36459000, 0x44000000)
   the space 474148K,  85% used [0x19550000, 0x32248d80, 0x32248e00, 0x36459000)
 Metaspace       used 3496K, capacity 3526K, committed 3648K, reserved 4480K
Event: 31.337 GC heap after
Heap after GC invocations=98 (full 7):
 def new generation   total 118336K, used 13120K [0x04000000, 0x0c060000, 0x19550000)
  eden space 105216K,   0% used [0x04000000, 0x04000000, 0x0a6c0000)
  from space 13120K, 100% used [0x0a6c0000, 0x0b390000, 0x0b390000)
  to   space 13120K,   0% used [0x0b390000, 0x0b390000, 0x0c060000)
 tenured generation   total 474148K, used 420764K [0x19550000, 0x36459000, 0x44000000)
   the space 474148K,  88% used [0x19550000, 0x330373e0, 0x33037400, 0x36459000)
 Metaspace       used 3496K, capacity 3526K, committed 3648K, reserved 4480K
}
Event: 31.760 GC heap before
{Heap before GC invocations=98 (full 7):
 def new generation   total 118336K, used 118336K [0x04000000, 0x0c060000, 0x19550000)
  eden space 105216K, 100% used [0x04000000, 0x0a6c0000, 0x0a6c0000)
  from space 13120K, 100% used [0x0a6c0000, 0x0b390000, 0x0b390000)
  to   space 13120K,   0% used [0x0b390000, 0x0b390000, 0x0c060000)
 tenured generation   total 474148K, used 420764K [0x19550000, 0x36459000, 0x44000000)
   the space 474148K,  88% used [0x19550000, 0x330373e0, 0x33037400, 0x36459000)
 Metaspace       used 3496K, capacity 3526K, committed 3648K, reserved 4480K
Event: 31.910 GC heap after
Heap after GC invocations=99 (full 7):
 def new generation   total 118336K, used 13120K [0x04000000, 0x0c060000, 0x19550000)
  eden space 105216K,   0% used [0x04000000, 0x04000000, 0x0a6c0000)
  from space 13120K, 100% used [0x0b390000, 0x0c060000, 0x0c060000)
  to   space 13120K,   0% used [0x0a6c0000, 0x0a6c0000, 0x0b390000)
 tenured generation   total 474148K, used 437631K [0x19550000, 0x36459000, 0x44000000)
   the space 474148K,  92% used [0x19550000, 0x340affb0, 0x340b0000, 0x36459000)
 Metaspace       used 3496K, capacity 3526K, committed 3648K, reserved 4480K
}
Event: 36.494 GC heap before
{Heap before GC invocations=99 (full 7):
 def new generation   total 118336K, used 118336K [0x04000000, 0x0c060000, 0x19550000)
  eden space 105216K, 100% used [0x04000000, 0x0a6c0000, 0x0a6c0000)
  from space 13120K, 100% used [0x0b390000, 0x0c060000, 0x0c060000)
  to   space 13120K,   0% used [0x0a6c0000, 0x0a6c0000, 0x0b390000)
 tenured generation   total 474148K, used 437631K [0x19550000, 0x36459000, 0x44000000)
   the space 474148K,  92% used [0x19550000, 0x340affb0, 0x340b0000, 0x36459000)
 Metaspace       used 3496K, capacity 3526K, committed 3648K, reserved 4480K
Event: 36.647 GC heap after
Heap after GC invocations=100 (full 7):
 def new generation   total 118336K, used 13120K [0x04000000, 0x0c060000, 0x19550000)
  eden space 105216K,   0% used [0x04000000, 0x04000000, 0x0a6c0000)
  from space 13120K, 100% used [0x0a6c0000, 0x0b390000, 0x0b390000)
  to   space 13120K,   0% used [0x0b390000, 0x0b390000, 0x0c060000)
 tenured generation   total 474148K, used 469536K [0x19550000, 0x36459000, 0x44000000)
   the space 474148K,  99% used [0x19550000, 0x35fd8108, 0x35fd8200, 0x36459000)
 Metaspace       used 3496K, capacity 3526K, committed 3648K, reserved 4480K
}
Event: 36.680 GC heap before
{Heap before GC invocations=100 (full 7):
 def new generation   total 118336K, used 118336K [0x04000000, 0x0c060000, 0x19550000)
  eden space 105216K, 100% used [0x04000000, 0x0a6c0000, 0x0a6c0000)
  from space 13120K, 100% used [0x0a6c0000, 0x0b390000, 0x0b390000)
  to   space 13120K,   0% used [0x0b390000, 0x0b390000, 0x0c060000)
 tenured generation   total 474148K, used 469536K [0x19550000, 0x36459000, 0x44000000)
   the space 474148K,  99% used [0x19550000, 0x35fd8108, 0x35fd8200, 0x36459000)
 Metaspace       used 3496K, capacity 3526K, committed 3648K, reserved 4480K
Event: 41.792 GC heap after
Heap after GC invocations=101 (full 8):
 def new generation   total 118336K, used 0K [0x04000000, 0x0c060000, 0x19550000)
  eden space 105216K,   0% used [0x04000000, 0x04000000, 0x0a6c0000)
  from space 13120K,   0% used [0x0b390000, 0x0b390000, 0x0c060000)
  to   space 13120K,   0% used [0x0a6c0000, 0x0a6c0000, 0x0b390000)
 tenured generation   total 542900K, used 533188K [0x19550000, 0x3a77d000, 0x44000000)
   the space 542900K,  98% used [0x19550000, 0x39e011b0, 0x39e01200, 0x3a77d000)
 Metaspace       used 3496K, capacity 3526K, committed 3648K, reserved 4480K
}
Event: 42.330 GC heap before
{Heap before GC invocations=101 (full 8):
 def new generation   total 118336K, used 105216K [0x04000000, 0x0c060000, 0x19550000)
  eden space 105216K, 100% used [0x04000000, 0x0a6c0000, 0x0a6c0000)
  from space 13120K,   0% used [0x0b390000, 0x0b390000, 0x0c060000)
  to   space 13120K,   0% used [0x0a6c0000, 0x0a6c0000, 0x0b390000)
 tenured generation   total 542900K, used 533188K [0x19550000, 0x3a77d000, 0x44000000)
   the space 542900K,  98% used [0x19550000, 0x39e011b0, 0x39e01200, 0x3a77d000)
 Metaspace       used 3496K, capacity 3526K, committed 3648K, reserved 4480K

